<?xml version="1.0" encoding="UTF-8"?>
<testng-results skipped="0" failed="2" ignored="0" total="33" passed="31">
  <reporter-output>
  </reporter-output>
  <suite name="Demo_Project" duration-ms="92127" started-at="2022-03-29T16:55:53 IST" finished-at="2022-03-29T16:57:26 IST">
    <groups>
    </groups>
    <test name="smoke" duration-ms="92127" started-at="2022-03-29T16:55:53 IST" finished-at="2022-03-29T16:57:26 IST">
      <class name="Test.Demo_Project_Test">
        <test-method status="PASS" signature="shipgig()[pri:0, instance:Test.Demo_Project_Test@7dc222ae]" name="shipgig" is-config="true" duration-ms="6387" started-at="2022-03-29T16:55:53 IST" finished-at="2022-03-29T16:56:00 IST">
          <reporter-output>
          </reporter-output>
        </test-method> <!-- shipgig -->
        <test-method status="PASS" signature="gettitle()[pri:0, instance:Test.Demo_Project_Test@7dc222ae]" name="gettitle" duration-ms="114" started-at="2022-03-29T16:56:00 IST" finished-at="2022-03-29T16:56:00 IST">
          <reporter-output>
          </reporter-output>
        </test-method> <!-- gettitle -->
        <test-method status="PASS" signature="getresultanalysis(org.testng.ITestResult)[pri:0, instance:Test.Demo_Project_Test@7dc222ae]" name="getresultanalysis" is-config="true" duration-ms="281" started-at="2022-03-29T16:56:00 IST" finished-at="2022-03-29T16:56:00 IST">
          <params>
            <param index="0">
              <value>
                <![CDATA[[TestResult name=gettitle status=SUCCESS method=Demo_Project_Test.gettitle()[pri:0, instance:Test.Demo_Project_Test@7dc222ae] output={null}]]]>
              </value>
            </param>
          </params>
          <reporter-output>
          </reporter-output>
        </test-method> <!-- getresultanalysis -->
        <test-method status="PASS" signature="Practice_test()[pri:1, instance:Test.Demo_Project_Test@7dc222ae]" name="Practice_test" duration-ms="2074" started-at="2022-03-29T16:56:00 IST" finished-at="2022-03-29T16:56:02 IST">
          <reporter-output>
          </reporter-output>
        </test-method> <!-- Practice_test -->
        <test-method status="PASS" signature="getresultanalysis(org.testng.ITestResult)[pri:0, instance:Test.Demo_Project_Test@7dc222ae]" name="getresultanalysis" is-config="true" duration-ms="119" started-at="2022-03-29T16:56:02 IST" finished-at="2022-03-29T16:56:02 IST">
          <params>
            <param index="0">
              <value>
                <![CDATA[[TestResult name=Practice_test status=SUCCESS method=Demo_Project_Test.Practice_test()[pri:1, instance:Test.Demo_Project_Test@7dc222ae] output={null}]]]>
              </value>
            </param>
          </params>
          <reporter-output>
          </reporter-output>
        </test-method> <!-- getresultanalysis -->
        <test-method status="PASS" signature="Element_test()[pri:2, instance:Test.Demo_Project_Test@7dc222ae]" name="Element_test" duration-ms="124" started-at="2022-03-29T16:56:02 IST" finished-at="2022-03-29T16:56:03 IST">
          <reporter-output>
          </reporter-output>
        </test-method> <!-- Element_test -->
        <test-method status="PASS" signature="getresultanalysis(org.testng.ITestResult)[pri:0, instance:Test.Demo_Project_Test@7dc222ae]" name="getresultanalysis" is-config="true" duration-ms="150" started-at="2022-03-29T16:56:03 IST" finished-at="2022-03-29T16:56:03 IST">
          <params>
            <param index="0">
              <value>
                <![CDATA[[TestResult name=Element_test status=SUCCESS method=Demo_Project_Test.Element_test()[pri:2, instance:Test.Demo_Project_Test@7dc222ae] output={null}]]]>
              </value>
            </param>
          </params>
          <reporter-output>
          </reporter-output>
        </test-method> <!-- getresultanalysis -->
        <test-method status="PASS" signature="gettext_box_test()[pri:3, instance:Test.Demo_Project_Test@7dc222ae]" name="gettext_box_test" duration-ms="649" started-at="2022-03-29T16:56:03 IST" finished-at="2022-03-29T16:56:03 IST">
          <reporter-output>
          </reporter-output>
        </test-method> <!-- gettext_box_test -->
        <test-method status="PASS" signature="getresultanalysis(org.testng.ITestResult)[pri:0, instance:Test.Demo_Project_Test@7dc222ae]" name="getresultanalysis" is-config="true" duration-ms="164" started-at="2022-03-29T16:56:03 IST" finished-at="2022-03-29T16:56:04 IST">
          <params>
            <param index="0">
              <value>
                <![CDATA[[TestResult name=gettext_box_test status=SUCCESS method=Demo_Project_Test.gettext_box_test()[pri:3, instance:Test.Demo_Project_Test@7dc222ae] output={null}]]]>
              </value>
            </param>
          </params>
          <reporter-output>
          </reporter-output>
        </test-method> <!-- getresultanalysis -->
        <test-method status="PASS" signature="checkbox_test()[pri:4, instance:Test.Demo_Project_Test@7dc222ae]" name="checkbox_test" duration-ms="1144" started-at="2022-03-29T16:56:04 IST" finished-at="2022-03-29T16:56:05 IST">
          <reporter-output>
          </reporter-output>
        </test-method> <!-- checkbox_test -->
        <test-method status="PASS" signature="getresultanalysis(org.testng.ITestResult)[pri:0, instance:Test.Demo_Project_Test@7dc222ae]" name="getresultanalysis" is-config="true" duration-ms="104" started-at="2022-03-29T16:56:05 IST" finished-at="2022-03-29T16:56:05 IST">
          <params>
            <param index="0">
              <value>
                <![CDATA[[TestResult name=checkbox_test status=SUCCESS method=Demo_Project_Test.checkbox_test()[pri:4, instance:Test.Demo_Project_Test@7dc222ae] output={null}]]]>
              </value>
            </param>
          </params>
          <reporter-output>
          </reporter-output>
        </test-method> <!-- getresultanalysis -->
        <test-method status="PASS" signature="radiobutton_test()[pri:5, instance:Test.Demo_Project_Test@7dc222ae]" name="radiobutton_test" duration-ms="778" started-at="2022-03-29T16:56:05 IST" finished-at="2022-03-29T16:56:06 IST">
          <reporter-output>
          </reporter-output>
        </test-method> <!-- radiobutton_test -->
        <test-method status="PASS" signature="getresultanalysis(org.testng.ITestResult)[pri:0, instance:Test.Demo_Project_Test@7dc222ae]" name="getresultanalysis" is-config="true" duration-ms="138" started-at="2022-03-29T16:56:06 IST" finished-at="2022-03-29T16:56:06 IST">
          <params>
            <param index="0">
              <value>
                <![CDATA[[TestResult name=radiobutton_test status=SUCCESS method=Demo_Project_Test.radiobutton_test()[pri:5, instance:Test.Demo_Project_Test@7dc222ae] output={null}]]]>
              </value>
            </param>
          </params>
          <reporter-output>
          </reporter-output>
        </test-method> <!-- getresultanalysis -->
        <test-method status="PASS" signature="webtable_test()[pri:6, instance:Test.Demo_Project_Test@7dc222ae]" name="webtable_test" duration-ms="2124" started-at="2022-03-29T16:56:06 IST" finished-at="2022-03-29T16:56:08 IST">
          <reporter-output>
          </reporter-output>
        </test-method> <!-- webtable_test -->
        <test-method status="PASS" signature="getresultanalysis(org.testng.ITestResult)[pri:0, instance:Test.Demo_Project_Test@7dc222ae]" name="getresultanalysis" is-config="true" duration-ms="157" started-at="2022-03-29T16:56:08 IST" finished-at="2022-03-29T16:56:08 IST">
          <params>
            <param index="0">
              <value>
                <![CDATA[[TestResult name=webtable_test status=SUCCESS method=Demo_Project_Test.webtable_test()[pri:6, instance:Test.Demo_Project_Test@7dc222ae] output={null}]]]>
              </value>
            </param>
          </params>
          <reporter-output>
          </reporter-output>
        </test-method> <!-- getresultanalysis -->
        <test-method status="PASS" signature="button1_test()[pri:7, instance:Test.Demo_Project_Test@7dc222ae]" name="button1_test" duration-ms="111" started-at="2022-03-29T16:56:08 IST" finished-at="2022-03-29T16:56:08 IST">
          <reporter-output>
          </reporter-output>
        </test-method> <!-- button1_test -->
        <test-method status="PASS" signature="getresultanalysis(org.testng.ITestResult)[pri:0, instance:Test.Demo_Project_Test@7dc222ae]" name="getresultanalysis" is-config="true" duration-ms="150" started-at="2022-03-29T16:56:08 IST" finished-at="2022-03-29T16:56:08 IST">
          <params>
            <param index="0">
              <value>
                <![CDATA[[TestResult name=button1_test status=SUCCESS method=Demo_Project_Test.button1_test()[pri:7, instance:Test.Demo_Project_Test@7dc222ae] output={null}]]]>
              </value>
            </param>
          </params>
          <reporter-output>
          </reporter-output>
        </test-method> <!-- getresultanalysis -->
        <test-method status="PASS" signature="buttons2_test()[pri:8, instance:Test.Demo_Project_Test@7dc222ae]" name="buttons2_test" duration-ms="483" started-at="2022-03-29T16:56:08 IST" finished-at="2022-03-29T16:56:09 IST">
          <reporter-output>
          </reporter-output>
        </test-method> <!-- buttons2_test -->
        <test-method status="PASS" signature="getresultanalysis(org.testng.ITestResult)[pri:0, instance:Test.Demo_Project_Test@7dc222ae]" name="getresultanalysis" is-config="true" duration-ms="157" started-at="2022-03-29T16:56:09 IST" finished-at="2022-03-29T16:56:09 IST">
          <params>
            <param index="0">
              <value>
                <![CDATA[[TestResult name=buttons2_test status=SUCCESS method=Demo_Project_Test.buttons2_test()[pri:8, instance:Test.Demo_Project_Test@7dc222ae] output={null}]]]>
              </value>
            </param>
          </params>
          <reporter-output>
          </reporter-output>
        </test-method> <!-- getresultanalysis -->
        <test-method status="PASS" signature="link_test()[pri:9, instance:Test.Demo_Project_Test@7dc222ae]" name="link_test" duration-ms="2862" started-at="2022-03-29T16:56:09 IST" finished-at="2022-03-29T16:56:12 IST">
          <reporter-output>
          </reporter-output>
        </test-method> <!-- link_test -->
        <test-method status="PASS" signature="getresultanalysis(org.testng.ITestResult)[pri:0, instance:Test.Demo_Project_Test@7dc222ae]" name="getresultanalysis" is-config="true" duration-ms="116" started-at="2022-03-29T16:56:12 IST" finished-at="2022-03-29T16:56:12 IST">
          <params>
            <param index="0">
              <value>
                <![CDATA[[TestResult name=link_test status=SUCCESS method=Demo_Project_Test.link_test()[pri:9, instance:Test.Demo_Project_Test@7dc222ae] output={null}]]]>
              </value>
            </param>
          </params>
          <reporter-output>
          </reporter-output>
        </test-method> <!-- getresultanalysis -->
        <test-method status="PASS" signature="link_new_windows_test()[pri:10, instance:Test.Demo_Project_Test@7dc222ae]" name="link_new_windows_test" duration-ms="12888" started-at="2022-03-29T16:56:12 IST" finished-at="2022-03-29T16:56:25 IST">
          <reporter-output>
          </reporter-output>
        </test-method> <!-- link_new_windows_test -->
        <test-method status="PASS" signature="getresultanalysis(org.testng.ITestResult)[pri:0, instance:Test.Demo_Project_Test@7dc222ae]" name="getresultanalysis" is-config="true" duration-ms="120" started-at="2022-03-29T16:56:25 IST" finished-at="2022-03-29T16:56:25 IST">
          <params>
            <param index="0">
              <value>
                <![CDATA[[TestResult name=link_new_windows_test status=SUCCESS method=Demo_Project_Test.link_new_windows_test()[pri:10, instance:Test.Demo_Project_Test@7dc222ae] output={null}]]]>
              </value>
            </param>
          </params>
          <reporter-output>
          </reporter-output>
        </test-method> <!-- getresultanalysis -->
        <test-method status="PASS" signature="dynamicproperties_test()[pri:11, instance:Test.Demo_Project_Test@7dc222ae]" name="dynamicproperties_test" duration-ms="5306" started-at="2022-03-29T16:56:25 IST" finished-at="2022-03-29T16:56:30 IST">
          <reporter-output>
          </reporter-output>
        </test-method> <!-- dynamicproperties_test -->
        <test-method status="PASS" signature="getresultanalysis(org.testng.ITestResult)[pri:0, instance:Test.Demo_Project_Test@7dc222ae]" name="getresultanalysis" is-config="true" duration-ms="117" started-at="2022-03-29T16:56:30 IST" finished-at="2022-03-29T16:56:30 IST">
          <params>
            <param index="0">
              <value>
                <![CDATA[[TestResult name=dynamicproperties_test status=SUCCESS method=Demo_Project_Test.dynamicproperties_test()[pri:11, instance:Test.Demo_Project_Test@7dc222ae] output={null}]]]>
              </value>
            </param>
          </params>
          <reporter-output>
          </reporter-output>
        </test-method> <!-- getresultanalysis -->
        <test-method status="PASS" signature="broken_image_test()[pri:12, instance:Test.Demo_Project_Test@7dc222ae]" name="broken_image_test" duration-ms="97" started-at="2022-03-29T16:56:30 IST" finished-at="2022-03-29T16:56:30 IST">
          <reporter-output>
          </reporter-output>
        </test-method> <!-- broken_image_test -->
        <test-method status="PASS" signature="getresultanalysis(org.testng.ITestResult)[pri:0, instance:Test.Demo_Project_Test@7dc222ae]" name="getresultanalysis" is-config="true" duration-ms="134" started-at="2022-03-29T16:56:30 IST" finished-at="2022-03-29T16:56:31 IST">
          <params>
            <param index="0">
              <value>
                <![CDATA[[TestResult name=broken_image_test status=SUCCESS method=Demo_Project_Test.broken_image_test()[pri:12, instance:Test.Demo_Project_Test@7dc222ae] output={null}]]]>
              </value>
            </param>
          </params>
          <reporter-output>
          </reporter-output>
        </test-method> <!-- getresultanalysis -->
        <test-method status="PASS" signature="alert_test()[pri:13, instance:Test.Demo_Project_Test@7dc222ae]" name="alert_test" duration-ms="136" started-at="2022-03-29T16:56:31 IST" finished-at="2022-03-29T16:56:31 IST">
          <reporter-output>
          </reporter-output>
        </test-method> <!-- alert_test -->
        <test-method status="PASS" signature="getresultanalysis(org.testng.ITestResult)[pri:0, instance:Test.Demo_Project_Test@7dc222ae]" name="getresultanalysis" is-config="true" duration-ms="143" started-at="2022-03-29T16:56:31 IST" finished-at="2022-03-29T16:56:31 IST">
          <params>
            <param index="0">
              <value>
                <![CDATA[[TestResult name=alert_test status=SUCCESS method=Demo_Project_Test.alert_test()[pri:13, instance:Test.Demo_Project_Test@7dc222ae] output={null}]]]>
              </value>
            </param>
          </params>
          <reporter-output>
          </reporter-output>
        </test-method> <!-- getresultanalysis -->
        <test-method status="PASS" signature="browser_window_test()[pri:14, instance:Test.Demo_Project_Test@7dc222ae]" name="browser_window_test" duration-ms="112" started-at="2022-03-29T16:56:31 IST" finished-at="2022-03-29T16:56:31 IST">
          <reporter-output>
          </reporter-output>
        </test-method> <!-- browser_window_test -->
        <test-method status="PASS" signature="getresultanalysis(org.testng.ITestResult)[pri:0, instance:Test.Demo_Project_Test@7dc222ae]" name="getresultanalysis" is-config="true" duration-ms="163" started-at="2022-03-29T16:56:31 IST" finished-at="2022-03-29T16:56:31 IST">
          <params>
            <param index="0">
              <value>
                <![CDATA[[TestResult name=browser_window_test status=SUCCESS method=Demo_Project_Test.browser_window_test()[pri:14, instance:Test.Demo_Project_Test@7dc222ae] output={null}]]]>
              </value>
            </param>
          </params>
          <reporter-output>
          </reporter-output>
        </test-method> <!-- getresultanalysis -->
        <test-method status="PASS" signature="new_tab_test()[pri:15, instance:Test.Demo_Project_Test@7dc222ae]" name="new_tab_test" duration-ms="11184" started-at="2022-03-29T16:56:31 IST" finished-at="2022-03-29T16:56:42 IST">
          <reporter-output>
          </reporter-output>
        </test-method> <!-- new_tab_test -->
        <test-method status="PASS" signature="getresultanalysis(org.testng.ITestResult)[pri:0, instance:Test.Demo_Project_Test@7dc222ae]" name="getresultanalysis" is-config="true" duration-ms="146" started-at="2022-03-29T16:56:42 IST" finished-at="2022-03-29T16:56:42 IST">
          <params>
            <param index="0">
              <value>
                <![CDATA[[TestResult name=new_tab_test status=SUCCESS method=Demo_Project_Test.new_tab_test()[pri:15, instance:Test.Demo_Project_Test@7dc222ae] output={null}]]]>
              </value>
            </param>
          </params>
          <reporter-output>
          </reporter-output>
        </test-method> <!-- getresultanalysis -->
        <test-method status="PASS" signature="alerts_test()[pri:16, instance:Test.Demo_Project_Test@7dc222ae]" name="alerts_test" duration-ms="6274" started-at="2022-03-29T16:56:42 IST" finished-at="2022-03-29T16:56:49 IST">
          <reporter-output>
          </reporter-output>
        </test-method> <!-- alerts_test -->
        <test-method status="PASS" signature="getresultanalysis(org.testng.ITestResult)[pri:0, instance:Test.Demo_Project_Test@7dc222ae]" name="getresultanalysis" is-config="true" duration-ms="166" started-at="2022-03-29T16:56:49 IST" finished-at="2022-03-29T16:56:49 IST">
          <params>
            <param index="0">
              <value>
                <![CDATA[[TestResult name=alerts_test status=SUCCESS method=Demo_Project_Test.alerts_test()[pri:16, instance:Test.Demo_Project_Test@7dc222ae] output={null}]]]>
              </value>
            </param>
          </params>
          <reporter-output>
          </reporter-output>
        </test-method> <!-- getresultanalysis -->
        <test-method status="PASS" signature="nested_frames_test()[pri:17, instance:Test.Demo_Project_Test@7dc222ae]" name="nested_frames_test" duration-ms="808" started-at="2022-03-29T16:56:49 IST" finished-at="2022-03-29T16:56:50 IST">
          <reporter-output>
          </reporter-output>
        </test-method> <!-- nested_frames_test -->
        <test-method status="PASS" signature="getresultanalysis(org.testng.ITestResult)[pri:0, instance:Test.Demo_Project_Test@7dc222ae]" name="getresultanalysis" is-config="true" duration-ms="107" started-at="2022-03-29T16:56:50 IST" finished-at="2022-03-29T16:56:50 IST">
          <params>
            <param index="0">
              <value>
                <![CDATA[[TestResult name=nested_frames_test status=SUCCESS method=Demo_Project_Test.nested_frames_test()[pri:17, instance:Test.Demo_Project_Test@7dc222ae] output={null}]]]>
              </value>
            </param>
          </params>
          <reporter-output>
          </reporter-output>
        </test-method> <!-- getresultanalysis -->
        <test-method status="PASS" signature="model_dialog_test()[pri:18, instance:Test.Demo_Project_Test@7dc222ae]" name="model_dialog_test" duration-ms="2402" started-at="2022-03-29T16:56:50 IST" finished-at="2022-03-29T16:56:52 IST">
          <reporter-output>
          </reporter-output>
        </test-method> <!-- model_dialog_test -->
        <test-method status="PASS" signature="getresultanalysis(org.testng.ITestResult)[pri:0, instance:Test.Demo_Project_Test@7dc222ae]" name="getresultanalysis" is-config="true" duration-ms="135" started-at="2022-03-29T16:56:52 IST" finished-at="2022-03-29T16:56:52 IST">
          <params>
            <param index="0">
              <value>
                <![CDATA[[TestResult name=model_dialog_test status=SUCCESS method=Demo_Project_Test.model_dialog_test()[pri:18, instance:Test.Demo_Project_Test@7dc222ae] output={null}]]]>
              </value>
            </param>
          </params>
          <reporter-output>
          </reporter-output>
        </test-method> <!-- getresultanalysis -->
        <test-method status="PASS" signature="widget_test()[pri:19, instance:Test.Demo_Project_Test@7dc222ae]" name="widget_test" duration-ms="182" started-at="2022-03-29T16:56:52 IST" finished-at="2022-03-29T16:56:53 IST">
          <reporter-output>
          </reporter-output>
        </test-method> <!-- widget_test -->
        <test-method status="PASS" signature="getresultanalysis(org.testng.ITestResult)[pri:0, instance:Test.Demo_Project_Test@7dc222ae]" name="getresultanalysis" is-config="true" duration-ms="161" started-at="2022-03-29T16:56:53 IST" finished-at="2022-03-29T16:56:53 IST">
          <params>
            <param index="0">
              <value>
                <![CDATA[[TestResult name=widget_test status=SUCCESS method=Demo_Project_Test.widget_test()[pri:19, instance:Test.Demo_Project_Test@7dc222ae] output={null}]]]>
              </value>
            </param>
          </params>
          <reporter-output>
          </reporter-output>
        </test-method> <!-- getresultanalysis -->
        <test-method status="PASS" signature="accordion_test()[pri:20, instance:Test.Demo_Project_Test@7dc222ae]" name="accordion_test" duration-ms="999" started-at="2022-03-29T16:56:53 IST" finished-at="2022-03-29T16:56:54 IST">
          <reporter-output>
          </reporter-output>
        </test-method> <!-- accordion_test -->
        <test-method status="PASS" signature="getresultanalysis(org.testng.ITestResult)[pri:0, instance:Test.Demo_Project_Test@7dc222ae]" name="getresultanalysis" is-config="true" duration-ms="136" started-at="2022-03-29T16:56:54 IST" finished-at="2022-03-29T16:56:54 IST">
          <params>
            <param index="0">
              <value>
                <![CDATA[[TestResult name=accordion_test status=SUCCESS method=Demo_Project_Test.accordion_test()[pri:20, instance:Test.Demo_Project_Test@7dc222ae] output={null}]]]>
              </value>
            </param>
          </params>
          <reporter-output>
          </reporter-output>
        </test-method> <!-- getresultanalysis -->
        <test-method status="PASS" signature="auto_complete_test()[pri:21, instance:Test.Demo_Project_Test@7dc222ae]" name="auto_complete_test" duration-ms="370" started-at="2022-03-29T16:56:54 IST" finished-at="2022-03-29T16:56:54 IST">
          <reporter-output>
          </reporter-output>
        </test-method> <!-- auto_complete_test -->
        <test-method status="PASS" signature="getresultanalysis(org.testng.ITestResult)[pri:0, instance:Test.Demo_Project_Test@7dc222ae]" name="getresultanalysis" is-config="true" duration-ms="110" started-at="2022-03-29T16:56:54 IST" finished-at="2022-03-29T16:56:54 IST">
          <params>
            <param index="0">
              <value>
                <![CDATA[[TestResult name=auto_complete_test status=SUCCESS method=Demo_Project_Test.auto_complete_test()[pri:21, instance:Test.Demo_Project_Test@7dc222ae] output={null}]]]>
              </value>
            </param>
          </params>
          <reporter-output>
          </reporter-output>
        </test-method> <!-- getresultanalysis -->
        <test-method status="PASS" signature="progress_bar_test()[pri:22, instance:Test.Demo_Project_Test@7dc222ae]" name="progress_bar_test" duration-ms="759" started-at="2022-03-29T16:56:54 IST" finished-at="2022-03-29T16:56:55 IST">
          <reporter-output>
          </reporter-output>
        </test-method> <!-- progress_bar_test -->
        <test-method status="PASS" signature="getresultanalysis(org.testng.ITestResult)[pri:0, instance:Test.Demo_Project_Test@7dc222ae]" name="getresultanalysis" is-config="true" duration-ms="158" started-at="2022-03-29T16:56:55 IST" finished-at="2022-03-29T16:56:55 IST">
          <params>
            <param index="0">
              <value>
                <![CDATA[[TestResult name=progress_bar_test status=SUCCESS method=Demo_Project_Test.progress_bar_test()[pri:22, instance:Test.Demo_Project_Test@7dc222ae] output={null}]]]>
              </value>
            </param>
          </params>
          <reporter-output>
          </reporter-output>
        </test-method> <!-- getresultanalysis -->
        <test-method status="PASS" signature="tabs_test()[pri:23, instance:Test.Demo_Project_Test@7dc222ae]" name="tabs_test" duration-ms="980" started-at="2022-03-29T16:56:55 IST" finished-at="2022-03-29T16:56:56 IST">
          <reporter-output>
          </reporter-output>
        </test-method> <!-- tabs_test -->
        <test-method status="PASS" signature="getresultanalysis(org.testng.ITestResult)[pri:0, instance:Test.Demo_Project_Test@7dc222ae]" name="getresultanalysis" is-config="true" duration-ms="178" started-at="2022-03-29T16:56:56 IST" finished-at="2022-03-29T16:56:56 IST">
          <params>
            <param index="0">
              <value>
                <![CDATA[[TestResult name=tabs_test status=SUCCESS method=Demo_Project_Test.tabs_test()[pri:23, instance:Test.Demo_Project_Test@7dc222ae] output={null}]]]>
              </value>
            </param>
          </params>
          <reporter-output>
          </reporter-output>
        </test-method> <!-- getresultanalysis -->
        <test-method status="PASS" signature="tool_tips_test()[pri:24, instance:Test.Demo_Project_Test@7dc222ae]" name="tool_tips_test" duration-ms="105" started-at="2022-03-29T16:56:56 IST" finished-at="2022-03-29T16:56:56 IST">
          <reporter-output>
          </reporter-output>
        </test-method> <!-- tool_tips_test -->
        <test-method status="PASS" signature="getresultanalysis(org.testng.ITestResult)[pri:0, instance:Test.Demo_Project_Test@7dc222ae]" name="getresultanalysis" is-config="true" duration-ms="185" started-at="2022-03-29T16:56:56 IST" finished-at="2022-03-29T16:56:57 IST">
          <params>
            <param index="0">
              <value>
                <![CDATA[[TestResult name=tool_tips_test status=SUCCESS method=Demo_Project_Test.tool_tips_test()[pri:24, instance:Test.Demo_Project_Test@7dc222ae] output={null}]]]>
              </value>
            </param>
          </params>
          <reporter-output>
          </reporter-output>
        </test-method> <!-- getresultanalysis -->
        <test-method status="PASS" signature="menu_test()[pri:25, instance:Test.Demo_Project_Test@7dc222ae]" name="menu_test" duration-ms="1354" started-at="2022-03-29T16:56:57 IST" finished-at="2022-03-29T16:56:58 IST">
          <reporter-output>
          </reporter-output>
        </test-method> <!-- menu_test -->
        <test-method status="PASS" signature="getresultanalysis(org.testng.ITestResult)[pri:0, instance:Test.Demo_Project_Test@7dc222ae]" name="getresultanalysis" is-config="true" duration-ms="132" started-at="2022-03-29T16:56:58 IST" finished-at="2022-03-29T16:56:58 IST">
          <params>
            <param index="0">
              <value>
                <![CDATA[[TestResult name=menu_test status=SUCCESS method=Demo_Project_Test.menu_test()[pri:25, instance:Test.Demo_Project_Test@7dc222ae] output={null}]]]>
              </value>
            </param>
          </params>
          <reporter-output>
          </reporter-output>
        </test-method> <!-- getresultanalysis -->
        <test-method status="PASS" signature="select_menu_test()[pri:26, instance:Test.Demo_Project_Test@7dc222ae]" name="select_menu_test" duration-ms="4903" started-at="2022-03-29T16:56:58 IST" finished-at="2022-03-29T16:57:03 IST">
          <reporter-output>
          </reporter-output>
        </test-method> <!-- select_menu_test -->
        <test-method status="PASS" signature="getresultanalysis(org.testng.ITestResult)[pri:0, instance:Test.Demo_Project_Test@7dc222ae]" name="getresultanalysis" is-config="true" duration-ms="117" started-at="2022-03-29T16:57:03 IST" finished-at="2022-03-29T16:57:03 IST">
          <params>
            <param index="0">
              <value>
                <![CDATA[[TestResult name=select_menu_test status=SUCCESS method=Demo_Project_Test.select_menu_test()[pri:26, instance:Test.Demo_Project_Test@7dc222ae] output={null}]]]>
              </value>
            </param>
          </params>
          <reporter-output>
          </reporter-output>
        </test-method> <!-- getresultanalysis -->
        <test-method status="PASS" signature="interations_test()[pri:27, instance:Test.Demo_Project_Test@7dc222ae]" name="interations_test" duration-ms="86" started-at="2022-03-29T16:57:03 IST" finished-at="2022-03-29T16:57:03 IST">
          <reporter-output>
          </reporter-output>
        </test-method> <!-- interations_test -->
        <test-method status="PASS" signature="getresultanalysis(org.testng.ITestResult)[pri:0, instance:Test.Demo_Project_Test@7dc222ae]" name="getresultanalysis" is-config="true" duration-ms="132" started-at="2022-03-29T16:57:03 IST" finished-at="2022-03-29T16:57:03 IST">
          <params>
            <param index="0">
              <value>
                <![CDATA[[TestResult name=interations_test status=SUCCESS method=Demo_Project_Test.interations_test()[pri:27, instance:Test.Demo_Project_Test@7dc222ae] output={null}]]]>
              </value>
            </param>
          </params>
          <reporter-output>
          </reporter-output>
        </test-method> <!-- getresultanalysis -->
        <test-method status="PASS" signature="sortable_test()[pri:28, instance:Test.Demo_Project_Test@7dc222ae]" name="sortable_test" duration-ms="820" started-at="2022-03-29T16:57:03 IST" finished-at="2022-03-29T16:57:04 IST">
          <reporter-output>
          </reporter-output>
        </test-method> <!-- sortable_test -->
        <test-method status="PASS" signature="getresultanalysis(org.testng.ITestResult)[pri:0, instance:Test.Demo_Project_Test@7dc222ae]" name="getresultanalysis" is-config="true" duration-ms="144" started-at="2022-03-29T16:57:04 IST" finished-at="2022-03-29T16:57:04 IST">
          <params>
            <param index="0">
              <value>
                <![CDATA[[TestResult name=sortable_test status=SUCCESS method=Demo_Project_Test.sortable_test()[pri:28, instance:Test.Demo_Project_Test@7dc222ae] output={null}]]]>
              </value>
            </param>
          </params>
          <reporter-output>
          </reporter-output>
        </test-method> <!-- getresultanalysis -->
        <test-method status="FAIL" signature="selectable_test()[pri:29, instance:Test.Demo_Project_Test@7dc222ae]" name="selectable_test" duration-ms="129" started-at="2022-03-29T16:57:04 IST" finished-at="2022-03-29T16:57:04 IST">
          <exception class="org.openqa.selenium.InvalidSelectorException">
            <message>
              <![CDATA[invalid selector: Unable to locate an element with the xpath expression //*[@class='list-group']/li) because of the following error:
SyntaxError: Failed to execute 'evaluate' on 'Document': The string '//*[@class='list-group']/li)' is not a valid XPath expression.
  (Session info: chrome=99.0.4844.82)
For documentation on this error, please visit: https://www.seleniumhq.org/exceptions/invalid_selector_exception.html
Build info: version: '3.141.59', revision: 'e82be7d358', time: '2018-11-14T08:17:03'
System info: host: 'DESKTOP-GGSP716', ip: '192.168.1.105', os.name: 'Windows 10', os.arch: 'amd64', os.version: '10.0', java.version: '1.8.0_321'
Driver info: org.openqa.selenium.chrome.ChromeDriver
Capabilities {acceptInsecureCerts: false, browserName: chrome, browserVersion: 99.0.4844.82, chrome: {chromedriverVersion: 99.0.4844.51 (d537ec02474b5..., userDataDir: C:\Users\Admin\AppData\Loca...}, goog:chromeOptions: {debuggerAddress: localhost:24703}, javascriptEnabled: true, networkConnectionEnabled: false, pageLoadStrategy: normal, platform: WINDOWS, platformName: WINDOWS, proxy: Proxy(), setWindowRect: true, strictFileInteractability: false, timeouts: {implicit: 0, pageLoad: 300000, script: 30000}, unhandledPromptBehavior: dismiss and notify, webauthn:extension:credBlob: true, webauthn:extension:largeBlob: true, webauthn:virtualAuthenticators: true}
Session ID: 4c42b878c85949599003bcc60fff5e09
*** Element info: {Using=xpath, value=//*[@class='list-group']/li)}]]>
            </message>
            <full-stacktrace>
              <![CDATA[org.openqa.selenium.InvalidSelectorException: invalid selector: Unable to locate an element with the xpath expression //*[@class='list-group']/li) because of the following error:
SyntaxError: Failed to execute 'evaluate' on 'Document': The string '//*[@class='list-group']/li)' is not a valid XPath expression.
  (Session info: chrome=99.0.4844.82)
For documentation on this error, please visit: https://www.seleniumhq.org/exceptions/invalid_selector_exception.html
Build info: version: '3.141.59', revision: 'e82be7d358', time: '2018-11-14T08:17:03'
System info: host: 'DESKTOP-GGSP716', ip: '192.168.1.105', os.name: 'Windows 10', os.arch: 'amd64', os.version: '10.0', java.version: '1.8.0_321'
Driver info: org.openqa.selenium.chrome.ChromeDriver
Capabilities {acceptInsecureCerts: false, browserName: chrome, browserVersion: 99.0.4844.82, chrome: {chromedriverVersion: 99.0.4844.51 (d537ec02474b5..., userDataDir: C:\Users\Admin\AppData\Loca...}, goog:chromeOptions: {debuggerAddress: localhost:24703}, javascriptEnabled: true, networkConnectionEnabled: false, pageLoadStrategy: normal, platform: WINDOWS, platformName: WINDOWS, proxy: Proxy(), setWindowRect: true, strictFileInteractability: false, timeouts: {implicit: 0, pageLoad: 300000, script: 30000}, unhandledPromptBehavior: dismiss and notify, webauthn:extension:credBlob: true, webauthn:extension:largeBlob: true, webauthn:virtualAuthenticators: true}
Session ID: 4c42b878c85949599003bcc60fff5e09
*** Element info: {Using=xpath, value=//*[@class='list-group']/li)}
at sun.reflect.NativeConstructorAccessorImpl.newInstance0(Native Method)
at sun.reflect.NativeConstructorAccessorImpl.newInstance(Unknown Source)
at sun.reflect.DelegatingConstructorAccessorImpl.newInstance(Unknown Source)
at java.lang.reflect.Constructor.newInstance(Unknown Source)
at org.openqa.selenium.remote.http.W3CHttpResponseCodec.createException(W3CHttpResponseCodec.java:187)
at org.openqa.selenium.remote.http.W3CHttpResponseCodec.decode(W3CHttpResponseCodec.java:122)
at org.openqa.selenium.remote.http.W3CHttpResponseCodec.decode(W3CHttpResponseCodec.java:49)
at org.openqa.selenium.remote.HttpCommandExecutor.execute(HttpCommandExecutor.java:158)
at org.openqa.selenium.remote.service.DriverCommandExecutor.execute(DriverCommandExecutor.java:83)
at org.openqa.selenium.remote.RemoteWebDriver.execute(RemoteWebDriver.java:552)
at org.openqa.selenium.remote.RemoteWebDriver.findElements(RemoteWebDriver.java:353)
at org.openqa.selenium.remote.RemoteWebDriver.findElementsByXPath(RemoteWebDriver.java:432)
at org.openqa.selenium.By$ByXPath.findElements(By.java:348)
at org.openqa.selenium.remote.RemoteWebDriver.findElements(RemoteWebDriver.java:311)
at org.openqa.selenium.support.pagefactory.DefaultElementLocator.findElements(DefaultElementLocator.java:85)
at org.openqa.selenium.support.pagefactory.internal.LocatingElementListHandler.invoke(LocatingElementListHandler.java:36)
at com.sun.proxy.$Proxy10.size(Unknown Source)
at Page.Demo_Project_Page.clickon_selectable(Demo_Project_Page.java:672)
at Test.Demo_Project_Test.selectable_test(Demo_Project_Test.java:224)
at sun.reflect.NativeMethodAccessorImpl.invoke0(Native Method)
at sun.reflect.NativeMethodAccessorImpl.invoke(Unknown Source)
at sun.reflect.DelegatingMethodAccessorImpl.invoke(Unknown Source)
at java.lang.reflect.Method.invoke(Unknown Source)
at org.testng.internal.MethodInvocationHelper.invokeMethod(MethodInvocationHelper.java:133)
at org.testng.internal.TestInvoker.invokeMethod(TestInvoker.java:598)
at org.testng.internal.TestInvoker.invokeTestMethod(TestInvoker.java:173)
at org.testng.internal.MethodRunner.runInSequence(MethodRunner.java:46)
at org.testng.internal.TestInvoker$MethodInvocationAgent.invoke(TestInvoker.java:824)
at org.testng.internal.TestInvoker.invokeTestMethods(TestInvoker.java:146)
at org.testng.internal.TestMethodWorker.invokeTestMethods(TestMethodWorker.java:146)
at org.testng.internal.TestMethodWorker.run(TestMethodWorker.java:128)
at java.util.ArrayList.forEach(Unknown Source)
at org.testng.TestRunner.privateRun(TestRunner.java:794)
at org.testng.TestRunner.run(TestRunner.java:596)
at org.testng.SuiteRunner.runTest(SuiteRunner.java:377)
at org.testng.SuiteRunner.runSequentially(SuiteRunner.java:371)
at org.testng.SuiteRunner.privateRun(SuiteRunner.java:332)
at org.testng.SuiteRunner.run(SuiteRunner.java:276)
at org.testng.SuiteRunnerWorker.runSuite(SuiteRunnerWorker.java:53)
at org.testng.SuiteRunnerWorker.run(SuiteRunnerWorker.java:96)
at org.testng.TestNG.runSuitesSequentially(TestNG.java:1212)
at org.testng.TestNG.runSuitesLocally(TestNG.java:1134)
at org.testng.TestNG.runSuites(TestNG.java:1063)
at org.testng.TestNG.run(TestNG.java:1031)
at org.testng.remote.AbstractRemoteTestNG.run(AbstractRemoteTestNG.java:115)
at org.testng.remote.RemoteTestNG.initAndRun(RemoteTestNG.java:251)
at org.testng.remote.RemoteTestNG.main(RemoteTestNG.java:77)
]]>
            </full-stacktrace>
          </exception> <!-- org.openqa.selenium.InvalidSelectorException -->
          <reporter-output>
          </reporter-output>
        </test-method> <!-- selectable_test -->
        <test-method status="PASS" signature="getresultanalysis(org.testng.ITestResult)[pri:0, instance:Test.Demo_Project_Test@7dc222ae]" name="getresultanalysis" is-config="true" duration-ms="152" started-at="2022-03-29T16:57:04 IST" finished-at="2022-03-29T16:57:05 IST">
          <params>
            <param index="0">
              <value>
                <![CDATA[[TestResult name=selectable_test status=FAILURE method=Demo_Project_Test.selectable_test()[pri:29, instance:Test.Demo_Project_Test@7dc222ae] output={null}]]]>
              </value>
            </param>
          </params>
          <reporter-output>
          </reporter-output>
        </test-method> <!-- getresultanalysis -->
        <test-method status="PASS" signature="resizable_test()[pri:30, instance:Test.Demo_Project_Test@7dc222ae]" name="resizable_test" duration-ms="95" started-at="2022-03-29T16:57:05 IST" finished-at="2022-03-29T16:57:05 IST">
          <reporter-output>
          </reporter-output>
        </test-method> <!-- resizable_test -->
        <test-method status="PASS" signature="getresultanalysis(org.testng.ITestResult)[pri:0, instance:Test.Demo_Project_Test@7dc222ae]" name="getresultanalysis" is-config="true" duration-ms="168" started-at="2022-03-29T16:57:05 IST" finished-at="2022-03-29T16:57:05 IST">
          <params>
            <param index="0">
              <value>
                <![CDATA[[TestResult name=resizable_test status=SUCCESS method=Demo_Project_Test.resizable_test()[pri:30, instance:Test.Demo_Project_Test@7dc222ae] output={null}]]]>
              </value>
            </param>
          </params>
          <reporter-output>
          </reporter-output>
        </test-method> <!-- getresultanalysis -->
        <test-method status="FAIL" signature="dropable_test()[pri:31, instance:Test.Demo_Project_Test@7dc222ae]" name="dropable_test" duration-ms="20178" started-at="2022-03-29T16:57:05 IST" finished-at="2022-03-29T16:57:25 IST">
          <exception class="org.openqa.selenium.json.JsonException">
            <message>
              <![CDATA[java.lang.reflect.InvocationTargetException
Build info: version: '3.141.59', revision: 'e82be7d358', time: '2018-11-14T08:17:03'
System info: host: 'DESKTOP-GGSP716', ip: '192.168.1.105', os.name: 'Windows 10', os.arch: 'amd64', os.version: '10.0', java.version: '1.8.0_321'
Driver info: driver.version: RemoteWebDriver]]>
            </message>
            <full-stacktrace>
              <![CDATA[org.openqa.selenium.json.JsonException: java.lang.reflect.InvocationTargetException
Build info: version: '3.141.59', revision: 'e82be7d358', time: '2018-11-14T08:17:03'
System info: host: 'DESKTOP-GGSP716', ip: '192.168.1.105', os.name: 'Windows 10', os.arch: 'amd64', os.version: '10.0', java.version: '1.8.0_321'
Driver info: driver.version: RemoteWebDriver
at org.openqa.selenium.json.JsonOutput.convertUsingMethod(JsonOutput.java:332)
at org.openqa.selenium.json.JsonOutput.lambda$new$16(JsonOutput.java:155)
at org.openqa.selenium.json.JsonOutput.write(JsonOutput.java:264)
at org.openqa.selenium.json.JsonOutput.lambda$null$21(JsonOutput.java:168)
at java.util.LinkedHashMap$LinkedValues.forEach(Unknown Source)
at org.openqa.selenium.json.JsonOutput.lambda$new$22(JsonOutput.java:168)
at org.openqa.selenium.json.JsonOutput.write(JsonOutput.java:264)
at org.openqa.selenium.json.JsonOutput.lambda$null$23(JsonOutput.java:177)
at com.google.common.collect.SingletonImmutableBiMap.forEach(SingletonImmutableBiMap.java:65)
at org.openqa.selenium.json.JsonOutput.lambda$new$24(JsonOutput.java:176)
at org.openqa.selenium.json.JsonOutput.write(JsonOutput.java:264)
at org.openqa.selenium.json.JsonOutput.write(JsonOutput.java:255)
at org.openqa.selenium.json.Json.toJson(Json.java:42)
at org.openqa.selenium.remote.http.AbstractHttpCommandCodec.encode(AbstractHttpCommandCodec.java:227)
at org.openqa.selenium.remote.http.AbstractHttpCommandCodec.encode(AbstractHttpCommandCodec.java:117)
at org.openqa.selenium.remote.HttpCommandExecutor.execute(HttpCommandExecutor.java:152)
at org.openqa.selenium.remote.service.DriverCommandExecutor.execute(DriverCommandExecutor.java:83)
at org.openqa.selenium.remote.RemoteWebDriver.execute(RemoteWebDriver.java:552)
at org.openqa.selenium.remote.RemoteWebDriver.perform(RemoteWebDriver.java:618)
at org.openqa.selenium.interactions.Actions$BuiltAction.perform(Actions.java:639)
at org.openqa.selenium.interactions.Actions.perform(Actions.java:595)
at Page.Demo_Project_Page.clickon_dropable(Demo_Project_Page.java:697)
at Test.Demo_Project_Test.dropable_test(Demo_Project_Test.java:237)
at sun.reflect.NativeMethodAccessorImpl.invoke0(Native Method)
at sun.reflect.NativeMethodAccessorImpl.invoke(Unknown Source)
at sun.reflect.DelegatingMethodAccessorImpl.invoke(Unknown Source)
at java.lang.reflect.Method.invoke(Unknown Source)
at org.testng.internal.MethodInvocationHelper.invokeMethod(MethodInvocationHelper.java:133)
at org.testng.internal.TestInvoker.invokeMethod(TestInvoker.java:598)
at org.testng.internal.TestInvoker.invokeTestMethod(TestInvoker.java:173)
at org.testng.internal.MethodRunner.runInSequence(MethodRunner.java:46)
at org.testng.internal.TestInvoker$MethodInvocationAgent.invoke(TestInvoker.java:824)
at org.testng.internal.TestInvoker.invokeTestMethods(TestInvoker.java:146)
at org.testng.internal.TestMethodWorker.invokeTestMethods(TestMethodWorker.java:146)
at org.testng.internal.TestMethodWorker.run(TestMethodWorker.java:128)
at java.util.ArrayList.forEach(Unknown Source)
at org.testng.TestRunner.privateRun(TestRunner.java:794)
at org.testng.TestRunner.run(TestRunner.java:596)
at org.testng.SuiteRunner.runTest(SuiteRunner.java:377)
at org.testng.SuiteRunner.runSequentially(SuiteRunner.java:371)
at org.testng.SuiteRunner.privateRun(SuiteRunner.java:332)
at org.testng.SuiteRunner.run(SuiteRunner.java:276)
at org.testng.SuiteRunnerWorker.runSuite(SuiteRunnerWorker.java:53)
at org.testng.SuiteRunnerWorker.run(SuiteRunnerWorker.java:96)
at org.testng.TestNG.runSuitesSequentially(TestNG.java:1212)
at org.testng.TestNG.runSuitesLocally(TestNG.java:1134)
at org.testng.TestNG.runSuites(TestNG.java:1063)
at org.testng.TestNG.run(TestNG.java:1031)
at org.testng.remote.AbstractRemoteTestNG.run(AbstractRemoteTestNG.java:115)
at org.testng.remote.RemoteTestNG.initAndRun(RemoteTestNG.java:251)
at org.testng.remote.RemoteTestNG.main(RemoteTestNG.java:77)
Suppressed: org.openqa.selenium.json.JsonException: Attempting to close incomplete json stream
Build info: version: '3.141.59', revision: 'e82be7d358', time: '2018-11-14T08:17:03'
System info: host: 'DESKTOP-GGSP716', ip: '192.168.1.105', os.name: 'Windows 10', os.arch: 'amd64', os.version: '10.0', java.version: '1.8.0_321'
Driver info: driver.version: RemoteWebDriver
at org.openqa.selenium.json.JsonOutput.close(JsonOutput.java:279)
at org.openqa.selenium.json.Json.toJson(Json.java:44)
... 38 more
Caused by: java.lang.reflect.InvocationTargetException
at sun.reflect.NativeMethodAccessorImpl.invoke0(Native Method)
at sun.reflect.NativeMethodAccessorImpl.invoke(Unknown Source)
at sun.reflect.DelegatingMethodAccessorImpl.invoke(Unknown Source)
at java.lang.reflect.Method.invoke(Unknown Source)
at org.openqa.selenium.json.JsonOutput.convertUsingMethod(JsonOutput.java:328)
... 50 more
Caused by: org.openqa.selenium.NoSuchElementException: no such element: Unable to locate element: {"method":"xpath","selector":"//*[@id='drag1']"}
  (Session info: chrome=99.0.4844.82)
For documentation on this error, please visit: https://www.seleniumhq.org/exceptions/no_such_element.html
Build info: version: '3.141.59', revision: 'e82be7d358', time: '2018-11-14T08:17:03'
System info: host: 'DESKTOP-GGSP716', ip: '192.168.1.105', os.name: 'Windows 10', os.arch: 'amd64', os.version: '10.0', java.version: '1.8.0_321'
Driver info: org.openqa.selenium.chrome.ChromeDriver
Capabilities {acceptInsecureCerts: false, browserName: chrome, browserVersion: 99.0.4844.82, chrome: {chromedriverVersion: 99.0.4844.51 (d537ec02474b5..., userDataDir: C:\Users\Admin\AppData\Loca...}, goog:chromeOptions: {debuggerAddress: localhost:24703}, javascriptEnabled: true, networkConnectionEnabled: false, pageLoadStrategy: normal, platform: WINDOWS, platformName: WINDOWS, proxy: Proxy(), setWindowRect: true, strictFileInteractability: false, timeouts: {implicit: 0, pageLoad: 300000, script: 30000}, unhandledPromptBehavior: dismiss and notify, webauthn:extension:credBlob: true, webauthn:extension:largeBlob: true, webauthn:virtualAuthenticators: true}
Session ID: 4c42b878c85949599003bcc60fff5e09
*** Element info: {Using=xpath, value=//*[@id='drag1']}
at sun.reflect.NativeConstructorAccessorImpl.newInstance0(Native Method)
at sun.reflect.NativeConstructorAccessorImpl.newInstance(Unknown Source)
at sun.reflect.DelegatingConstructorAccessorImpl.newInstance(Unknown Source)
at java.lang.reflect.Constructor.newInstance(Unknown Source)
at org.openqa.selenium.remote.http.W3CHttpResponseCodec.createException(W3CHttpResponseCodec.java:187)
at org.openqa.selenium.remote.http.W3CHttpResponseCodec.decode(W3CHttpResponseCodec.java:122)
at org.openqa.selenium.remote.http.W3CHttpResponseCodec.decode(W3CHttpResponseCodec.java:49)
at org.openqa.selenium.remote.HttpCommandExecutor.execute(HttpCommandExecutor.java:158)
at org.openqa.selenium.remote.service.DriverCommandExecutor.execute(DriverCommandExecutor.java:83)
at org.openqa.selenium.remote.RemoteWebDriver.execute(RemoteWebDriver.java:552)
at org.openqa.selenium.remote.RemoteWebDriver.findElement(RemoteWebDriver.java:323)
at org.openqa.selenium.remote.RemoteWebDriver.findElementByXPath(RemoteWebDriver.java:428)
at org.openqa.selenium.By$ByXPath.findElement(By.java:353)
at org.openqa.selenium.remote.RemoteWebDriver.findElement(RemoteWebDriver.java:315)
at org.openqa.selenium.support.pagefactory.DefaultElementLocator.findElement(DefaultElementLocator.java:69)
at org.openqa.selenium.support.pagefactory.internal.LocatingElementHandler.invoke(LocatingElementHandler.java:38)
at com.sun.proxy.$Proxy9.getWrappedElement(Unknown Source)
at org.openqa.selenium.interactions.PointerInput$Origin.asArg(PointerInput.java:204)
at org.openqa.selenium.interactions.PointerInput$Move.encode(PointerInput.java:155)
at org.openqa.selenium.interactions.Sequence.encode(Sequence.java:75)
at org.openqa.selenium.interactions.Sequence.toJson(Sequence.java:84)
... 55 more
]]>
            </full-stacktrace>
          </exception> <!-- org.openqa.selenium.json.JsonException -->
          <reporter-output>
          </reporter-output>
        </test-method> <!-- dropable_test -->
        <test-method status="PASS" signature="getresultanalysis(org.testng.ITestResult)[pri:0, instance:Test.Demo_Project_Test@7dc222ae]" name="getresultanalysis" is-config="true" duration-ms="139" started-at="2022-03-29T16:57:25 IST" finished-at="2022-03-29T16:57:25 IST">
          <params>
            <param index="0">
              <value>
                <![CDATA[[TestResult name=dropable_test status=FAILURE method=Demo_Project_Test.dropable_test()[pri:31, instance:Test.Demo_Project_Test@7dc222ae] output={null}]]]>
              </value>
            </param>
          </params>
          <reporter-output>
          </reporter-output>
        </test-method> <!-- getresultanalysis -->
        <test-method status="PASS" signature="draggable_test()[pri:32, instance:Test.Demo_Project_Test@7dc222ae]" name="draggable_test" duration-ms="201" started-at="2022-03-29T16:57:25 IST" finished-at="2022-03-29T16:57:25 IST">
          <reporter-output>
          </reporter-output>
        </test-method> <!-- draggable_test -->
        <test-method status="PASS" signature="getresultanalysis(org.testng.ITestResult)[pri:0, instance:Test.Demo_Project_Test@7dc222ae]" name="getresultanalysis" is-config="true" duration-ms="114" started-at="2022-03-29T16:57:25 IST" finished-at="2022-03-29T16:57:26 IST">
          <params>
            <param index="0">
              <value>
                <![CDATA[[TestResult name=draggable_test status=SUCCESS method=Demo_Project_Test.draggable_test()[pri:32, instance:Test.Demo_Project_Test@7dc222ae] output={null}]]]>
              </value>
            </param>
          </params>
          <reporter-output>
          </reporter-output>
        </test-method> <!-- getresultanalysis -->
      </class> <!-- Test.Demo_Project_Test -->
    </test> <!-- smoke -->
  </suite> <!-- Demo_Project -->
</testng-results>
